<?xml version="1.0" encoding="UTF-8"?>
<testsuite xmlns:xsi="http://www.w3.org/2001/XMLSchema-instance" xsi:noNamespaceSchemaLocation="https://maven.apache.org/surefire/maven-surefire-plugin/xsd/surefire-test-report.xsd" name="TestSuite" time="39.128" tests="3" errors="0" skipped="0" failures="2">
  <properties>
[...]
</properties>
  <testcase name="ValidUserLogin" classname="nnd.TestCases.LoginTest" time="7.736"/>
  <testcase name="desktopItemccHECK" classname="nnd.TestCases.LoginTest" time="0.039">
    <failure message="Element should have been &quot;select&quot; but was &quot;a&quot;&#10;Build info: version: &apos;4.28.1&apos;, revision: &apos;73f5ad48a2&apos;&#10;System info: os.name: &apos;Windows 11&apos;, os.arch: &apos;amd64&apos;, os.version: &apos;10.0&apos;, java.version: &apos;23.0.1&apos;&#10;Driver info: driver.version: unknown" type="org.openqa.selenium.support.ui.UnexpectedTagNameException">org.openqa.selenium.support.ui.UnexpectedTagNameException: 
Element should have been "select" but was "a"
Build info: version: '4.28.1', revision: '73f5ad48a2'
System info: os.name: 'Windows 11', os.arch: 'amd64', os.version: '10.0', java.version: '23.0.1'
Driver info: driver.version: unknown
	at nnd.TestCases.LoginTest.desktopItemccHECK(LoginTest.java:34)
</failure>
    <system-out><![CDATA[Test Passed: ValidUserLogin
Test Started: desktopItemccHECK
]]></system-out>
  </testcase>
  <testcase name="test1" classname="nnd.TestCases.RegisterTest" time="23.548">
    <failure message="element click intercepted: Element is not clickable at point (960, 760)&#10;  (Session info: chrome=132.0.6834.160)&#10;Build info: version: &apos;4.28.1&apos;, revision: &apos;73f5ad48a2&apos;&#10;System info: os.name: &apos;Windows 11&apos;, os.arch: &apos;amd64&apos;, os.version: &apos;10.0&apos;, java.version: &apos;23.0.1&apos;&#10;Driver info: org.openqa.selenium.chrome.ChromeDriver&#10;Command: [d39bba38db34b9e891244f0093e8aaf6, clickElement {id=f.CEE5FC34B4A5C8B12D4128D7A120AFAF.d.D234EB9199E005EC9A573F8042CEA6D1.e.7}]&#10;Capabilities {acceptInsecureCerts: false, browserName: chrome, browserVersion: 132.0.6834.160, chrome: {chromedriverVersion: 132.0.6834.159 (2d77d3fc445..., userDataDir: C:\Users\dhane\AppData\Loca...}, fedcm:accounts: true, goog:chromeOptions: {debuggerAddress: localhost:60437}, networkConnectionEnabled: false, pageLoadStrategy: normal, platformName: windows, proxy: Proxy(), se:cdp: ws://localhost:60437/devtoo..., se:cdpVersion: 132.0.6834.160, setWindowRect: true, strictFileInteractability: false, timeouts: {implicit: 0, pageLoad: 300000, script: 30000}, unhandledPromptBehavior: dismiss and notify, webauthn:extension:credBlob: true, webauthn:extension:largeBlob: true, webauthn:extension:minPinLength: true, webauthn:extension:prf: true, webauthn:virtualAuthenticators: true}&#10;Element: [[ChromeDriver: chrome on windows (d39bba38db34b9e891244f0093e8aaf6)] -&gt; xpath: //input[@name=&apos;agree&apos;]]&#10;Session ID: d39bba38db34b9e891244f0093e8aaf6" type="org.openqa.selenium.ElementClickInterceptedException">org.openqa.selenium.ElementClickInterceptedException: 
element click intercepted: Element is not clickable at point (960, 760)
  (Session info: chrome=132.0.6834.160)
Build info: version: '4.28.1', revision: '73f5ad48a2'
System info: os.name: 'Windows 11', os.arch: 'amd64', os.version: '10.0', java.version: '23.0.1'
Driver info: org.openqa.selenium.chrome.ChromeDriver
Command: [d39bba38db34b9e891244f0093e8aaf6, clickElement {id=f.CEE5FC34B4A5C8B12D4128D7A120AFAF.d.D234EB9199E005EC9A573F8042CEA6D1.e.7}]
Capabilities {acceptInsecureCerts: false, browserName: chrome, browserVersion: 132.0.6834.160, chrome: {chromedriverVersion: 132.0.6834.159 (2d77d3fc445..., userDataDir: C:\Users\dhane\AppData\Loca...}, fedcm:accounts: true, goog:chromeOptions: {debuggerAddress: localhost:60437}, networkConnectionEnabled: false, pageLoadStrategy: normal, platformName: windows, proxy: Proxy(), se:cdp: ws://localhost:60437/devtoo..., se:cdpVersion: 132.0.6834.160, setWindowRect: true, strictFileInteractability: false, timeouts: {implicit: 0, pageLoad: 300000, script: 30000}, unhandledPromptBehavior: dismiss and notify, webauthn:extension:credBlob: true, webauthn:extension:largeBlob: true, webauthn:extension:minPinLength: true, webauthn:extension:prf: true, webauthn:virtualAuthenticators: true}
Element: [[ChromeDriver: chrome on windows (d39bba38db34b9e891244f0093e8aaf6)] -> xpath: //input[@name='agree']]
Session ID: d39bba38db34b9e891244f0093e8aaf6
	at nnd.TestCases.RegisterTest.test1(RegisterTest.java:16)
</failure>
    <system-out><![CDATA[extent Screenshot file not found: C:/Users/dhane/eclipse-workspace/OpenCart26012025/Failed Screenshots/Screenshot_test1_20250205_032807.png
Test Failed: desktopItemccHECK
Failure Reason: org.openqa.selenium.support.ui.UnexpectedTagNameException: Element should have been "select" but was "a"
Build info: version: '4.28.1', revision: '73f5ad48a2'
System info: os.name: 'Windows 11', os.arch: 'amd64', os.version: '10.0', java.version: '23.0.1'
Driver info: driver.version: unknown
Test Started: test1
]]></system-out>
  </testcase>
</testsuite>