<?xml version="1.0" encoding="UTF-8"?>
<testng-results ignored="0" total="1" passed="1" failed="0" skipped="0">
  <reporter-output>
  </reporter-output>
  <suite started-at="2025-01-30T23:57:44 IST" name="Default suite" finished-at="2025-01-30T23:58:01 IST" duration-ms="16730">
    <groups>
    </groups>
    <test started-at="2025-01-30T23:57:44 IST" name="Default test" finished-at="2025-01-30T23:58:01 IST" duration-ms="16730">
      <class name="nnd.TestCases.LoginTest">
        <test-method is-config="true" signature="setUp()[pri:0, instance:nnd.TestCases.LoginTest@35d6ca49]" started-at="2025-01-30T23:57:44 IST" name="setUp" finished-at="2025-01-30T23:57:49 IST" duration-ms="5203" status="PASS">
          <reporter-output>
          </reporter-output>
        </test-method> <!-- setUp -->
        <test-method signature="ValidUserLogin()[pri:0, instance:nnd.TestCases.LoginTest@35d6ca49]" started-at="2025-01-30T23:57:49 IST" name="ValidUserLogin" description="test01" finished-at="2025-01-30T23:58:00 IST" duration-ms="11140" status="PASS">
          <reporter-output>
          </reporter-output>
        </test-method> <!-- ValidUserLogin -->
        <test-method is-config="true" signature="tearDown()[pri:0, instance:nnd.TestCases.LoginTest@35d6ca49]" started-at="2025-01-30T23:58:00 IST" name="tearDown" finished-at="2025-01-30T23:58:01 IST" duration-ms="316" status="PASS">
          <reporter-output>
          </reporter-output>
        </test-method> <!-- tearDown -->
      </class> <!-- nnd.TestCases.LoginTest -->
    </test> <!-- Default test -->
  </suite> <!-- Default suite -->
</testng-results>
